<?xml version="1.0" encoding="UTF-8"?>
<testsuite name="christianschool.edu.ec.sistemaNotas_user.SistemaNotasApplicationTest" tests="1" skipped="0" failures="0" errors="0" timestamp="2020-01-05T13:16:37" hostname="DESKTOP-0RDPRIK" time="0.049">
  <properties/>
  <testcase name="contextLoads" classname="christianschool.edu.ec.sistemaNotas_user.SistemaNotasApplicationTest" time="0.049"/>
  <system-out><![CDATA[08:16:32.241 [Test worker] DEBUG org.springframework.test.context.junit4.SpringJUnit4ClassRunner - SpringJUnit4ClassRunner constructor called with [class christianschool.edu.ec.sistemaNotas_user.SistemaNotasApplicationTest]
08:16:32.247 [Test worker] DEBUG org.springframework.test.context.BootstrapUtils - Instantiating CacheAwareContextLoaderDelegate from class [org.springframework.test.context.cache.DefaultCacheAwareContextLoaderDelegate]
08:16:32.256 [Test worker] DEBUG org.springframework.test.context.BootstrapUtils - Instantiating BootstrapContext using constructor [public org.springframework.test.context.support.DefaultBootstrapContext(java.lang.Class,org.springframework.test.context.CacheAwareContextLoaderDelegate)]
08:16:32.275 [Test worker] DEBUG org.springframework.test.context.BootstrapUtils - Instantiating TestContextBootstrapper for test class [christianschool.edu.ec.sistemaNotas_user.SistemaNotasApplicationTest] from class [org.springframework.boot.test.context.SpringBootTestContextBootstrapper]
08:16:32.289 [Test worker] INFO org.springframework.boot.test.context.SpringBootTestContextBootstrapper - Neither @ContextConfiguration nor @ContextHierarchy found for test class [christianschool.edu.ec.sistemaNotas_user.SistemaNotasApplicationTest], using SpringBootContextLoader
08:16:32.292 [Test worker] DEBUG org.springframework.test.context.support.AbstractContextLoader - Did not detect default resource location for test class [christianschool.edu.ec.sistemaNotas_user.SistemaNotasApplicationTest]: class path resource [christianschool/edu/ec/sistemaNotas_user/SistemaNotasApplicationTest-context.xml] does not exist
08:16:32.293 [Test worker] DEBUG org.springframework.test.context.support.AbstractContextLoader - Did not detect default resource location for test class [christianschool.edu.ec.sistemaNotas_user.SistemaNotasApplicationTest]: class path resource [christianschool/edu/ec/sistemaNotas_user/SistemaNotasApplicationTestContext.groovy] does not exist
08:16:32.293 [Test worker] INFO org.springframework.test.context.support.AbstractContextLoader - Could not detect default resource locations for test class [christianschool.edu.ec.sistemaNotas_user.SistemaNotasApplicationTest]: no resource found for suffixes {-context.xml, Context.groovy}.
08:16:32.294 [Test worker] INFO org.springframework.test.context.support.AnnotationConfigContextLoaderUtils - Could not detect default configuration classes for test class [christianschool.edu.ec.sistemaNotas_user.SistemaNotasApplicationTest]: SistemaNotasApplicationTest does not declare any static, non-private, non-final, nested classes annotated with @Configuration.
08:16:32.331 [Test worker] DEBUG org.springframework.test.context.support.ActiveProfilesUtils - Could not find an 'annotation declaring class' for annotation type [org.springframework.test.context.ActiveProfiles] and class [christianschool.edu.ec.sistemaNotas_user.SistemaNotasApplicationTest]
08:16:32.389 [Test worker] DEBUG org.springframework.context.annotation.ClassPathScanningCandidateComponentProvider - Identified candidate component class: file [C:\Users\willy\Desktop\Proyecto Integrador\BackEnd\SistemaDeNotasBack\build\classes\java\main\christianschool\edu\ec\sistemaNotas_user\SistemaNotasApplication.class]
08:16:32.390 [Test worker] INFO org.springframework.boot.test.context.SpringBootTestContextBootstrapper - Found @SpringBootConfiguration christianschool.edu.ec.sistemaNotas_user.SistemaNotasApplication for test class christianschool.edu.ec.sistemaNotas_user.SistemaNotasApplicationTest
08:16:32.478 [Test worker] DEBUG org.springframework.boot.test.context.SpringBootTestContextBootstrapper - @TestExecutionListeners is not present for class [christianschool.edu.ec.sistemaNotas_user.SistemaNotasApplicationTest]: using defaults.
08:16:32.478 [Test worker] INFO org.springframework.boot.test.context.SpringBootTestContextBootstrapper - Loaded default TestExecutionListener class names from location [META-INF/spring.factories]: [org.springframework.boot.test.autoconfigure.restdocs.RestDocsTestExecutionListener, org.springframework.boot.test.autoconfigure.web.client.MockRestServiceServerResetTestExecutionListener, org.springframework.boot.test.autoconfigure.web.servlet.MockMvcPrintOnlyOnFailureTestExecutionListener, org.springframework.boot.test.autoconfigure.web.servlet.WebDriverTestExecutionListener, org.springframework.boot.test.mock.mockito.MockitoTestExecutionListener, org.springframework.boot.test.mock.mockito.ResetMocksTestExecutionListener, org.springframework.test.context.web.ServletTestExecutionListener, org.springframework.test.context.support.DirtiesContextBeforeModesTestExecutionListener, org.springframework.test.context.support.DependencyInjectionTestExecutionListener, org.springframework.test.context.support.DirtiesContextTestExecutionListener, org.springframework.test.context.transaction.TransactionalTestExecutionListener, org.springframework.test.context.jdbc.SqlScriptsTestExecutionListener]
08:16:32.495 [Test worker] INFO org.springframework.boot.test.context.SpringBootTestContextBootstrapper - Using TestExecutionListeners: [org.springframework.test.context.web.ServletTestExecutionListener@144ebe70, org.springframework.test.context.support.DirtiesContextBeforeModesTestExecutionListener@5df24cea, org.springframework.boot.test.mock.mockito.MockitoTestExecutionListener@6aceb83c, org.springframework.boot.test.autoconfigure.SpringBootDependencyInjectionTestExecutionListener@11be3dcd, org.springframework.test.context.support.DirtiesContextTestExecutionListener@7062bcb4, org.springframework.test.context.transaction.TransactionalTestExecutionListener@3fb83b4e, org.springframework.test.context.jdbc.SqlScriptsTestExecutionListener@20286bdd, org.springframework.boot.test.autoconfigure.restdocs.RestDocsTestExecutionListener@40987a40, org.springframework.boot.test.autoconfigure.web.client.MockRestServiceServerResetTestExecutionListener@257ae9fb, org.springframework.boot.test.autoconfigure.web.servlet.MockMvcPrintOnlyOnFailureTestExecutionListener@5be6c451, org.springframework.boot.test.autoconfigure.web.servlet.WebDriverTestExecutionListener@38732a73, org.springframework.boot.test.mock.mockito.ResetMocksTestExecutionListener@3bba1d47]
08:16:32.497 [Test worker] DEBUG org.springframework.test.annotation.ProfileValueUtils - Retrieved @ProfileValueSourceConfiguration [null] for test class [christianschool.edu.ec.sistemaNotas_user.SistemaNotasApplicationTest]
08:16:32.498 [Test worker] DEBUG org.springframework.test.annotation.ProfileValueUtils - Retrieved ProfileValueSource type [class org.springframework.test.annotation.SystemProfileValueSource] for class [christianschool.edu.ec.sistemaNotas_user.SistemaNotasApplicationTest]
08:16:32.498 [Test worker] DEBUG org.springframework.test.annotation.ProfileValueUtils - Retrieved @ProfileValueSourceConfiguration [null] for test class [christianschool.edu.ec.sistemaNotas_user.SistemaNotasApplicationTest]
08:16:32.499 [Test worker] DEBUG org.springframework.test.annotation.ProfileValueUtils - Retrieved ProfileValueSource type [class org.springframework.test.annotation.SystemProfileValueSource] for class [christianschool.edu.ec.sistemaNotas_user.SistemaNotasApplicationTest]
08:16:32.502 [Test worker] DEBUG org.springframework.test.context.support.AbstractDirtiesContextTestExecutionListener - Before test class: context [DefaultTestContext@791a1eb1 testClass = SistemaNotasApplicationTest, testInstance = [null], testMethod = [null], testException = [null], mergedContextConfiguration = [WebMergedContextConfiguration@39d10bd8 testClass = SistemaNotasApplicationTest, locations = '{}', classes = '{class christianschool.edu.ec.sistemaNotas_user.SistemaNotasApplication}', contextInitializerClasses = '[]', activeProfiles = '{}', propertySourceLocations = '{}', propertySourceProperties = '{org.springframework.boot.test.context.SpringBootTestContextBootstrapper=true}', contextCustomizers = set[org.springframework.boot.test.autoconfigure.properties.PropertyMappingContextCustomizer@0, org.springframework.boot.test.autoconfigure.web.servlet.WebDriverContextCustomizerFactory$Customizer@7d298816, org.springframework.boot.test.context.filter.ExcludeFilterContextCustomizer@3dc37a51, org.springframework.boot.test.json.DuplicateJsonObjectContextCustomizerFactory$DuplicateJsonObjectContextCustomizer@34e91c9b, org.springframework.boot.test.mock.mockito.MockitoContextCustomizer@0, org.springframework.boot.test.web.client.TestRestTemplateContextCustomizer@3cba047e], resourceBasePath = 'src/main/webapp', contextLoader = 'org.springframework.boot.test.context.SpringBootContextLoader', parent = [null]], attributes = map['org.springframework.test.context.web.ServletTestExecutionListener.activateListener' -> true]], class annotated with @DirtiesContext [false] with mode [null].
08:16:32.503 [Test worker] DEBUG org.springframework.test.annotation.ProfileValueUtils - Retrieved @ProfileValueSourceConfiguration [null] for test class [christianschool.edu.ec.sistemaNotas_user.SistemaNotasApplicationTest]
08:16:32.503 [Test worker] DEBUG org.springframework.test.annotation.ProfileValueUtils - Retrieved ProfileValueSource type [class org.springframework.test.annotation.SystemProfileValueSource] for class [christianschool.edu.ec.sistemaNotas_user.SistemaNotasApplicationTest]
08:16:32.531 [Test worker] DEBUG org.springframework.test.context.support.TestPropertySourceUtils - Adding inlined properties to environment: {spring.jmx.enabled=false, org.springframework.boot.test.context.SpringBootTestContextBootstrapper=true, server.port=-1}

  .   ____          _            __ _ _
 /\\ / ___'_ __ _ _(_)_ __  __ _ \ \ \ \
( ( )\___ | '_ | '_| | '_ \/ _` | \ \ \ \
 \\/  ___)| |_)| | | | | || (_| |  ) ) ) )
  '  |____| .__|_| |_|_| |_\__, | / / / /
 =========|_|==============|___/=/_/_/_/
 :: Spring Boot ::        (v2.1.3.RELEASE)

08:16:32 INFO  c.e.e.s.SistemaNotasApplicationTest - Starting SistemaNotasApplicationTest on DESKTOP-0RDPRIK with PID 14928 (started by willy in C:\Users\willy\Desktop\Proyecto Integrador\BackEnd\SistemaDeNotasBack)
08:16:32 INFO  c.e.e.s.SistemaNotasApplicationTest - No active profile set, falling back to default profiles: default
08:16:33 INFO  o.s.d.r.c.RepositoryConfigurationDelegate - Bootstrapping Spring Data repositories in DEFAULT mode.
08:16:33 INFO  o.s.d.r.c.RepositoryConfigurationDelegate - Finished Spring Data repository scanning in 101ms. Found 14 repository interfaces.
08:16:33 INFO  o.s.c.s.PostProcessorRegistrationDelegate$BeanPostProcessorChecker - Bean 'org.springframework.transaction.annotation.ProxyTransactionManagementConfiguration' of type [org.springframework.transaction.annotation.ProxyTransactionManagementConfiguration$$EnhancerBySpringCGLIB$$32020075] is not eligible for getting processed by all BeanPostProcessors (for example: not eligible for auto-proxying)
08:16:33 INFO  com.zaxxer.hikari.HikariDataSource - HikariPool-1 - Starting...
08:16:34 INFO  com.zaxxer.hikari.HikariDataSource - HikariPool-1 - Start completed.
08:16:34 INFO  o.h.jpa.internal.util.LogHelper - HHH000204: Processing PersistenceUnitInfo [
	name: default
	...]
08:16:34 INFO  org.hibernate.Version - HHH000412: Hibernate Core {5.3.7.Final}
08:16:34 INFO  org.hibernate.cfg.Environment - HHH000206: hibernate.properties not found
08:16:34 INFO  o.h.annotations.common.Version - HCANN000001: Hibernate Commons Annotations {5.0.4.Final}
08:16:34 INFO  org.hibernate.dialect.Dialect - HHH000400: Using dialect: org.hibernate.dialect.PostgreSQLDialect
08:16:34 INFO  o.h.e.j.e.i.LobCreatorBuilderImpl - HHH000422: Disabling contextual LOB creation as connection was null
08:16:34 INFO  org.hibernate.type.BasicTypeRegistry - HHH000270: Type registration [java.util.UUID] overrides previous : org.hibernate.type.UUIDBinaryType@2679881c
08:16:35 INFO  o.s.o.j.LocalContainerEntityManagerFactoryBean - Initialized JPA EntityManagerFactory for persistence unit 'default'
08:16:36 INFO  o.s.s.c.ThreadPoolTaskExecutor - Initializing ExecutorService 'applicationTaskExecutor'
08:16:36 WARN  o.s.b.a.o.j.JpaBaseConfiguration$JpaWebConfiguration$JpaWebMvcConfiguration - spring.jpa.open-in-view is enabled by default. Therefore, database queries may be performed during view rendering. Explicitly configure spring.jpa.open-in-view to disable this warning
08:16:37 INFO  c.e.e.s.SistemaNotasApplicationTest - Started SistemaNotasApplicationTest in 4.472 seconds (JVM running for 5.807)
]]></system-out>
  <system-err><![CDATA[]]></system-err>
</testsuite>
