<?xml version="1.0" encoding="UTF-8"?>
<testsuite name="christianschool.edu.ec.sistemaNotas_user.SistemaNotasApplicationTest" tests="1" skipped="0" failures="0" errors="0" timestamp="2019-12-28T18:37:36" hostname="DESKTOP-OCKR4QQ" time="0.519">
  <properties/>
  <testcase name="contextLoads" classname="christianschool.edu.ec.sistemaNotas_user.SistemaNotasApplicationTest" time="0.519"/>
  <system-out><![CDATA[13:37:05.550 [Test worker] DEBUG org.springframework.test.context.junit4.SpringJUnit4ClassRunner - SpringJUnit4ClassRunner constructor called with [class christianschool.edu.ec.sistemaNotas_user.SistemaNotasApplicationTest]
13:37:05.582 [Test worker] DEBUG org.springframework.test.context.BootstrapUtils - Instantiating CacheAwareContextLoaderDelegate from class [org.springframework.test.context.cache.DefaultCacheAwareContextLoaderDelegate]
13:37:05.610 [Test worker] DEBUG org.springframework.test.context.BootstrapUtils - Instantiating BootstrapContext using constructor [public org.springframework.test.context.support.DefaultBootstrapContext(java.lang.Class,org.springframework.test.context.CacheAwareContextLoaderDelegate)]
13:37:05.662 [Test worker] DEBUG org.springframework.test.context.BootstrapUtils - Instantiating TestContextBootstrapper for test class [christianschool.edu.ec.sistemaNotas_user.SistemaNotasApplicationTest] from class [org.springframework.boot.test.context.SpringBootTestContextBootstrapper]
13:37:05.706 [Test worker] INFO org.springframework.boot.test.context.SpringBootTestContextBootstrapper - Neither @ContextConfiguration nor @ContextHierarchy found for test class [christianschool.edu.ec.sistemaNotas_user.SistemaNotasApplicationTest], using SpringBootContextLoader
13:37:05.714 [Test worker] DEBUG org.springframework.test.context.support.AbstractContextLoader - Did not detect default resource location for test class [christianschool.edu.ec.sistemaNotas_user.SistemaNotasApplicationTest]: class path resource [christianschool/edu/ec/sistemaNotas_user/SistemaNotasApplicationTest-context.xml] does not exist
13:37:05.714 [Test worker] DEBUG org.springframework.test.context.support.AbstractContextLoader - Did not detect default resource location for test class [christianschool.edu.ec.sistemaNotas_user.SistemaNotasApplicationTest]: class path resource [christianschool/edu/ec/sistemaNotas_user/SistemaNotasApplicationTestContext.groovy] does not exist
13:37:05.718 [Test worker] INFO org.springframework.test.context.support.AbstractContextLoader - Could not detect default resource locations for test class [christianschool.edu.ec.sistemaNotas_user.SistemaNotasApplicationTest]: no resource found for suffixes {-context.xml, Context.groovy}.
13:37:05.718 [Test worker] INFO org.springframework.test.context.support.AnnotationConfigContextLoaderUtils - Could not detect default configuration classes for test class [christianschool.edu.ec.sistemaNotas_user.SistemaNotasApplicationTest]: SistemaNotasApplicationTest does not declare any static, non-private, non-final, nested classes annotated with @Configuration.
13:37:05.822 [Test worker] DEBUG org.springframework.test.context.support.ActiveProfilesUtils - Could not find an 'annotation declaring class' for annotation type [org.springframework.test.context.ActiveProfiles] and class [christianschool.edu.ec.sistemaNotas_user.SistemaNotasApplicationTest]
13:37:06.006 [Test worker] DEBUG org.springframework.context.annotation.ClassPathScanningCandidateComponentProvider - Identified candidate component class: file [C:\Users\Angie\Documents\ProyectoSextoSemestre\Servidor\SistemaDeNotasBack\build\classes\java\main\christianschool\edu\ec\sistemaNotas_user\SistemaNotasApplication.class]
13:37:06.006 [Test worker] INFO org.springframework.boot.test.context.SpringBootTestContextBootstrapper - Found @SpringBootConfiguration christianschool.edu.ec.sistemaNotas_user.SistemaNotasApplication for test class christianschool.edu.ec.sistemaNotas_user.SistemaNotasApplicationTest
13:37:06.254 [Test worker] DEBUG org.springframework.boot.test.context.SpringBootTestContextBootstrapper - @TestExecutionListeners is not present for class [christianschool.edu.ec.sistemaNotas_user.SistemaNotasApplicationTest]: using defaults.
13:37:06.258 [Test worker] INFO org.springframework.boot.test.context.SpringBootTestContextBootstrapper - Loaded default TestExecutionListener class names from location [META-INF/spring.factories]: [org.springframework.boot.test.autoconfigure.restdocs.RestDocsTestExecutionListener, org.springframework.boot.test.autoconfigure.web.client.MockRestServiceServerResetTestExecutionListener, org.springframework.boot.test.autoconfigure.web.servlet.MockMvcPrintOnlyOnFailureTestExecutionListener, org.springframework.boot.test.autoconfigure.web.servlet.WebDriverTestExecutionListener, org.springframework.boot.test.mock.mockito.MockitoTestExecutionListener, org.springframework.boot.test.mock.mockito.ResetMocksTestExecutionListener, org.springframework.test.context.web.ServletTestExecutionListener, org.springframework.test.context.support.DirtiesContextBeforeModesTestExecutionListener, org.springframework.test.context.support.DependencyInjectionTestExecutionListener, org.springframework.test.context.support.DirtiesContextTestExecutionListener, org.springframework.test.context.transaction.TransactionalTestExecutionListener, org.springframework.test.context.jdbc.SqlScriptsTestExecutionListener]
13:37:06.313 [Test worker] INFO org.springframework.boot.test.context.SpringBootTestContextBootstrapper - Using TestExecutionListeners: [org.springframework.test.context.web.ServletTestExecutionListener@59d71465, org.springframework.test.context.support.DirtiesContextBeforeModesTestExecutionListener@6b73b17d, org.springframework.boot.test.mock.mockito.MockitoTestExecutionListener@1b44291b, org.springframework.boot.test.autoconfigure.SpringBootDependencyInjectionTestExecutionListener@d9be8c3, org.springframework.test.context.support.DirtiesContextTestExecutionListener@6c8eb129, org.springframework.test.context.transaction.TransactionalTestExecutionListener@1a000d9c, org.springframework.test.context.jdbc.SqlScriptsTestExecutionListener@2036e336, org.springframework.boot.test.autoconfigure.restdocs.RestDocsTestExecutionListener@72b9da03, org.springframework.boot.test.autoconfigure.web.client.MockRestServiceServerResetTestExecutionListener@6b273a84, org.springframework.boot.test.autoconfigure.web.servlet.MockMvcPrintOnlyOnFailureTestExecutionListener@71d1b691, org.springframework.boot.test.autoconfigure.web.servlet.WebDriverTestExecutionListener@66e9d4ce, org.springframework.boot.test.mock.mockito.ResetMocksTestExecutionListener@5abc63d2]
13:37:06.321 [Test worker] DEBUG org.springframework.test.annotation.ProfileValueUtils - Retrieved @ProfileValueSourceConfiguration [null] for test class [christianschool.edu.ec.sistemaNotas_user.SistemaNotasApplicationTest]
13:37:06.321 [Test worker] DEBUG org.springframework.test.annotation.ProfileValueUtils - Retrieved ProfileValueSource type [class org.springframework.test.annotation.SystemProfileValueSource] for class [christianschool.edu.ec.sistemaNotas_user.SistemaNotasApplicationTest]
13:37:06.321 [Test worker] DEBUG org.springframework.test.annotation.ProfileValueUtils - Retrieved @ProfileValueSourceConfiguration [null] for test class [christianschool.edu.ec.sistemaNotas_user.SistemaNotasApplicationTest]
13:37:06.321 [Test worker] DEBUG org.springframework.test.annotation.ProfileValueUtils - Retrieved ProfileValueSource type [class org.springframework.test.annotation.SystemProfileValueSource] for class [christianschool.edu.ec.sistemaNotas_user.SistemaNotasApplicationTest]
13:37:06.333 [Test worker] DEBUG org.springframework.test.context.support.AbstractDirtiesContextTestExecutionListener - Before test class: context [DefaultTestContext@658cbf75 testClass = SistemaNotasApplicationTest, testInstance = [null], testMethod = [null], testException = [null], mergedContextConfiguration = [WebMergedContextConfiguration@2b4b759d testClass = SistemaNotasApplicationTest, locations = '{}', classes = '{class christianschool.edu.ec.sistemaNotas_user.SistemaNotasApplication}', contextInitializerClasses = '[]', activeProfiles = '{}', propertySourceLocations = '{}', propertySourceProperties = '{org.springframework.boot.test.context.SpringBootTestContextBootstrapper=true}', contextCustomizers = set[org.springframework.boot.test.autoconfigure.properties.PropertyMappingContextCustomizer@0, org.springframework.boot.test.autoconfigure.web.servlet.WebDriverContextCustomizerFactory$Customizer@6e5f1e04, org.springframework.boot.test.context.filter.ExcludeFilterContextCustomizer@483f934, org.springframework.boot.test.json.DuplicateJsonObjectContextCustomizerFactory$DuplicateJsonObjectContextCustomizer@12804cc4, org.springframework.boot.test.mock.mockito.MockitoContextCustomizer@0, org.springframework.boot.test.web.client.TestRestTemplateContextCustomizer@1deace73], resourceBasePath = 'src/main/webapp', contextLoader = 'org.springframework.boot.test.context.SpringBootContextLoader', parent = [null]], attributes = map['org.springframework.test.context.web.ServletTestExecutionListener.activateListener' -> true]], class annotated with @DirtiesContext [false] with mode [null].
13:37:06.337 [Test worker] DEBUG org.springframework.test.annotation.ProfileValueUtils - Retrieved @ProfileValueSourceConfiguration [null] for test class [christianschool.edu.ec.sistemaNotas_user.SistemaNotasApplicationTest]
13:37:06.337 [Test worker] DEBUG org.springframework.test.annotation.ProfileValueUtils - Retrieved ProfileValueSource type [class org.springframework.test.annotation.SystemProfileValueSource] for class [christianschool.edu.ec.sistemaNotas_user.SistemaNotasApplicationTest]
13:37:06.389 [Test worker] DEBUG org.springframework.test.context.support.TestPropertySourceUtils - Adding inlined properties to environment: {spring.jmx.enabled=false, org.springframework.boot.test.context.SpringBootTestContextBootstrapper=true, server.port=-1}

  .   ____          _            __ _ _
 /\\ / ___'_ __ _ _(_)_ __  __ _ \ \ \ \
( ( )\___ | '_ | '_| | '_ \/ _` | \ \ \ \
 \\/  ___)| |_)| | | | | || (_| |  ) ) ) )
  '  |____| .__|_| |_|_| |_\__, | / / / /
 =========|_|==============|___/=/_/_/_/
 :: Spring Boot ::        (v2.1.3.RELEASE)

13:37:07 INFO  c.e.e.s.SistemaNotasApplicationTest - Starting SistemaNotasApplicationTest on DESKTOP-OCKR4QQ with PID 15312 (started by Angie in C:\Users\Angie\Documents\ProyectoSextoSemestre\Servidor\SistemaDeNotasBack)
13:37:07 INFO  c.e.e.s.SistemaNotasApplicationTest - No active profile set, falling back to default profiles: default
13:37:11 INFO  o.s.d.r.c.RepositoryConfigurationDelegate - Bootstrapping Spring Data repositories in DEFAULT mode.
13:37:12 INFO  o.s.d.r.c.RepositoryConfigurationDelegate - Finished Spring Data repository scanning in 557ms. Found 14 repository interfaces.
13:37:13 INFO  o.s.c.s.PostProcessorRegistrationDelegate$BeanPostProcessorChecker - Bean 'org.springframework.transaction.annotation.ProxyTransactionManagementConfiguration' of type [org.springframework.transaction.annotation.ProxyTransactionManagementConfiguration$$EnhancerBySpringCGLIB$$9b35c256] is not eligible for getting processed by all BeanPostProcessors (for example: not eligible for auto-proxying)
13:37:15 INFO  com.zaxxer.hikari.HikariDataSource - HikariPool-1 - Starting...
13:37:16 INFO  com.zaxxer.hikari.HikariDataSource - HikariPool-1 - Start completed.
13:37:17 INFO  o.h.jpa.internal.util.LogHelper - HHH000204: Processing PersistenceUnitInfo [
	name: default
	...]
13:37:18 INFO  org.hibernate.Version - HHH000412: Hibernate Core {5.3.7.Final}
13:37:18 INFO  org.hibernate.cfg.Environment - HHH000206: hibernate.properties not found
13:37:20 INFO  o.h.annotations.common.Version - HCANN000001: Hibernate Commons Annotations {5.0.4.Final}
13:37:21 INFO  org.hibernate.dialect.Dialect - HHH000400: Using dialect: org.hibernate.dialect.PostgreSQL95Dialect
13:37:21 INFO  o.h.e.j.e.i.LobCreatorBuilderImpl - HHH000422: Disabling contextual LOB creation as connection was null
13:37:21 INFO  org.hibernate.type.BasicTypeRegistry - HHH000270: Type registration [java.util.UUID] overrides previous : org.hibernate.type.UUIDBinaryType@f538fce
13:37:27 INFO  o.s.o.j.LocalContainerEntityManagerFactoryBean - Initialized JPA EntityManagerFactory for persistence unit 'default'
13:37:34 INFO  o.s.s.c.ThreadPoolTaskExecutor - Initializing ExecutorService 'applicationTaskExecutor'
13:37:34 WARN  o.s.b.a.o.j.JpaBaseConfiguration$JpaWebConfiguration$JpaWebMvcConfiguration - spring.jpa.open-in-view is enabled by default. Therefore, database queries may be performed during view rendering. Explicitly configure spring.jpa.open-in-view to disable this warning
13:37:36 INFO  c.e.e.s.SistemaNotasApplicationTest - Started SistemaNotasApplicationTest in 29.897 seconds (JVM running for 32.484)
]]></system-out>
  <system-err><![CDATA[]]></system-err>
</testsuite>
