<?xml version="1.0" encoding="UTF-8"?>
<testsuite name="christianschool.edu.ec.sistemaNotas_user.SistemaNotasApplicationTest" tests="1" skipped="0" failures="0" errors="0" timestamp="2019-12-24T23:56:20" hostname="DESKTOP-0RDPRIK" time="0.061">
  <properties/>
  <testcase name="contextLoads" classname="christianschool.edu.ec.sistemaNotas_user.SistemaNotasApplicationTest" time="0.061"/>
  <system-out><![CDATA[18:56:15.926 [Test worker] DEBUG org.springframework.test.context.junit4.SpringJUnit4ClassRunner - SpringJUnit4ClassRunner constructor called with [class christianschool.edu.ec.sistemaNotas_user.SistemaNotasApplicationTest]
18:56:15.933 [Test worker] DEBUG org.springframework.test.context.BootstrapUtils - Instantiating CacheAwareContextLoaderDelegate from class [org.springframework.test.context.cache.DefaultCacheAwareContextLoaderDelegate]
18:56:15.947 [Test worker] DEBUG org.springframework.test.context.BootstrapUtils - Instantiating BootstrapContext using constructor [public org.springframework.test.context.support.DefaultBootstrapContext(java.lang.Class,org.springframework.test.context.CacheAwareContextLoaderDelegate)]
18:56:15.968 [Test worker] DEBUG org.springframework.test.context.BootstrapUtils - Instantiating TestContextBootstrapper for test class [christianschool.edu.ec.sistemaNotas_user.SistemaNotasApplicationTest] from class [org.springframework.boot.test.context.SpringBootTestContextBootstrapper]
18:56:15.983 [Test worker] INFO org.springframework.boot.test.context.SpringBootTestContextBootstrapper - Neither @ContextConfiguration nor @ContextHierarchy found for test class [christianschool.edu.ec.sistemaNotas_user.SistemaNotasApplicationTest], using SpringBootContextLoader
18:56:15.986 [Test worker] DEBUG org.springframework.test.context.support.AbstractContextLoader - Did not detect default resource location for test class [christianschool.edu.ec.sistemaNotas_user.SistemaNotasApplicationTest]: class path resource [christianschool/edu/ec/sistemaNotas_user/SistemaNotasApplicationTest-context.xml] does not exist
18:56:15.986 [Test worker] DEBUG org.springframework.test.context.support.AbstractContextLoader - Did not detect default resource location for test class [christianschool.edu.ec.sistemaNotas_user.SistemaNotasApplicationTest]: class path resource [christianschool/edu/ec/sistemaNotas_user/SistemaNotasApplicationTestContext.groovy] does not exist
18:56:15.986 [Test worker] INFO org.springframework.test.context.support.AbstractContextLoader - Could not detect default resource locations for test class [christianschool.edu.ec.sistemaNotas_user.SistemaNotasApplicationTest]: no resource found for suffixes {-context.xml, Context.groovy}.
18:56:15.987 [Test worker] INFO org.springframework.test.context.support.AnnotationConfigContextLoaderUtils - Could not detect default configuration classes for test class [christianschool.edu.ec.sistemaNotas_user.SistemaNotasApplicationTest]: SistemaNotasApplicationTest does not declare any static, non-private, non-final, nested classes annotated with @Configuration.
18:56:16.030 [Test worker] DEBUG org.springframework.test.context.support.ActiveProfilesUtils - Could not find an 'annotation declaring class' for annotation type [org.springframework.test.context.ActiveProfiles] and class [christianschool.edu.ec.sistemaNotas_user.SistemaNotasApplicationTest]
18:56:16.089 [Test worker] DEBUG org.springframework.context.annotation.ClassPathScanningCandidateComponentProvider - Identified candidate component class: file [C:\Users\willy\Documents\ejemplos java\sistema_notas\build\classes\java\main\christianschool\edu\ec\sistemaNotas_user\SistemaNotasApplication.class]
18:56:16.090 [Test worker] INFO org.springframework.boot.test.context.SpringBootTestContextBootstrapper - Found @SpringBootConfiguration christianschool.edu.ec.sistemaNotas_user.SistemaNotasApplication for test class christianschool.edu.ec.sistemaNotas_user.SistemaNotasApplicationTest
18:56:16.196 [Test worker] DEBUG org.springframework.boot.test.context.SpringBootTestContextBootstrapper - @TestExecutionListeners is not present for class [christianschool.edu.ec.sistemaNotas_user.SistemaNotasApplicationTest]: using defaults.
18:56:16.197 [Test worker] INFO org.springframework.boot.test.context.SpringBootTestContextBootstrapper - Loaded default TestExecutionListener class names from location [META-INF/spring.factories]: [org.springframework.boot.test.autoconfigure.restdocs.RestDocsTestExecutionListener, org.springframework.boot.test.autoconfigure.web.client.MockRestServiceServerResetTestExecutionListener, org.springframework.boot.test.autoconfigure.web.servlet.MockMvcPrintOnlyOnFailureTestExecutionListener, org.springframework.boot.test.autoconfigure.web.servlet.WebDriverTestExecutionListener, org.springframework.boot.test.mock.mockito.MockitoTestExecutionListener, org.springframework.boot.test.mock.mockito.ResetMocksTestExecutionListener, org.springframework.test.context.web.ServletTestExecutionListener, org.springframework.test.context.support.DirtiesContextBeforeModesTestExecutionListener, org.springframework.test.context.support.DependencyInjectionTestExecutionListener, org.springframework.test.context.support.DirtiesContextTestExecutionListener, org.springframework.test.context.transaction.TransactionalTestExecutionListener, org.springframework.test.context.jdbc.SqlScriptsTestExecutionListener]
18:56:16.216 [Test worker] INFO org.springframework.boot.test.context.SpringBootTestContextBootstrapper - Using TestExecutionListeners: [org.springframework.test.context.web.ServletTestExecutionListener@cab98f0, org.springframework.test.context.support.DirtiesContextBeforeModesTestExecutionListener@2503ed9, org.springframework.boot.test.mock.mockito.MockitoTestExecutionListener@575e9bba, org.springframework.boot.test.autoconfigure.SpringBootDependencyInjectionTestExecutionListener@6642b6e2, org.springframework.test.context.support.DirtiesContextTestExecutionListener@36fecec2, org.springframework.test.context.transaction.TransactionalTestExecutionListener@35db8832, org.springframework.test.context.jdbc.SqlScriptsTestExecutionListener@167b4678, org.springframework.boot.test.autoconfigure.restdocs.RestDocsTestExecutionListener@65fd17f3, org.springframework.boot.test.autoconfigure.web.client.MockRestServiceServerResetTestExecutionListener@25354d50, org.springframework.boot.test.autoconfigure.web.servlet.MockMvcPrintOnlyOnFailureTestExecutionListener@4c46cbdc, org.springframework.boot.test.autoconfigure.web.servlet.WebDriverTestExecutionListener@c21caa, org.springframework.boot.test.mock.mockito.ResetMocksTestExecutionListener@d0dd1ce]
18:56:16.219 [Test worker] DEBUG org.springframework.test.annotation.ProfileValueUtils - Retrieved @ProfileValueSourceConfiguration [null] for test class [christianschool.edu.ec.sistemaNotas_user.SistemaNotasApplicationTest]
18:56:16.219 [Test worker] DEBUG org.springframework.test.annotation.ProfileValueUtils - Retrieved ProfileValueSource type [class org.springframework.test.annotation.SystemProfileValueSource] for class [christianschool.edu.ec.sistemaNotas_user.SistemaNotasApplicationTest]
18:56:16.220 [Test worker] DEBUG org.springframework.test.annotation.ProfileValueUtils - Retrieved @ProfileValueSourceConfiguration [null] for test class [christianschool.edu.ec.sistemaNotas_user.SistemaNotasApplicationTest]
18:56:16.220 [Test worker] DEBUG org.springframework.test.annotation.ProfileValueUtils - Retrieved ProfileValueSource type [class org.springframework.test.annotation.SystemProfileValueSource] for class [christianschool.edu.ec.sistemaNotas_user.SistemaNotasApplicationTest]
18:56:16.224 [Test worker] DEBUG org.springframework.test.context.support.AbstractDirtiesContextTestExecutionListener - Before test class: context [DefaultTestContext@c3bb6a9 testClass = SistemaNotasApplicationTest, testInstance = [null], testMethod = [null], testException = [null], mergedContextConfiguration = [WebMergedContextConfiguration@7fb5374a testClass = SistemaNotasApplicationTest, locations = '{}', classes = '{class christianschool.edu.ec.sistemaNotas_user.SistemaNotasApplication}', contextInitializerClasses = '[]', activeProfiles = '{}', propertySourceLocations = '{}', propertySourceProperties = '{org.springframework.boot.test.context.SpringBootTestContextBootstrapper=true}', contextCustomizers = set[org.springframework.boot.test.autoconfigure.properties.PropertyMappingContextCustomizer@0, org.springframework.boot.test.autoconfigure.web.servlet.WebDriverContextCustomizerFactory$Customizer@40eeeef9, org.springframework.boot.test.context.filter.ExcludeFilterContextCustomizer@74f238f8, org.springframework.boot.test.json.DuplicateJsonObjectContextCustomizerFactory$DuplicateJsonObjectContextCustomizer@104517bc, org.springframework.boot.test.mock.mockito.MockitoContextCustomizer@0, org.springframework.boot.test.web.client.TestRestTemplateContextCustomizer@66cf36b9], resourceBasePath = 'src/main/webapp', contextLoader = 'org.springframework.boot.test.context.SpringBootContextLoader', parent = [null]], attributes = map['org.springframework.test.context.web.ServletTestExecutionListener.activateListener' -> true]], class annotated with @DirtiesContext [false] with mode [null].
18:56:16.225 [Test worker] DEBUG org.springframework.test.annotation.ProfileValueUtils - Retrieved @ProfileValueSourceConfiguration [null] for test class [christianschool.edu.ec.sistemaNotas_user.SistemaNotasApplicationTest]
18:56:16.225 [Test worker] DEBUG org.springframework.test.annotation.ProfileValueUtils - Retrieved ProfileValueSource type [class org.springframework.test.annotation.SystemProfileValueSource] for class [christianschool.edu.ec.sistemaNotas_user.SistemaNotasApplicationTest]
18:56:16.254 [Test worker] DEBUG org.springframework.test.context.support.TestPropertySourceUtils - Adding inlined properties to environment: {spring.jmx.enabled=false, org.springframework.boot.test.context.SpringBootTestContextBootstrapper=true, server.port=-1}

  .   ____          _            __ _ _
 /\\ / ___'_ __ _ _(_)_ __  __ _ \ \ \ \
( ( )\___ | '_ | '_| | '_ \/ _` | \ \ \ \
 \\/  ___)| |_)| | | | | || (_| |  ) ) ) )
  '  |____| .__|_| |_|_| |_\__, | / / / /
 =========|_|==============|___/=/_/_/_/
 :: Spring Boot ::        (v2.1.3.RELEASE)

18:56:16 INFO  c.e.e.s.SistemaNotasApplicationTest - Starting SistemaNotasApplicationTest on DESKTOP-0RDPRIK with PID 23340 (started by willy in C:\Users\willy\Documents\ejemplos java\sistema_notas)
18:56:16 INFO  c.e.e.s.SistemaNotasApplicationTest - No active profile set, falling back to default profiles: default
18:56:17 INFO  o.s.d.r.c.RepositoryConfigurationDelegate - Bootstrapping Spring Data repositories in DEFAULT mode.
18:56:17 INFO  o.s.d.r.c.RepositoryConfigurationDelegate - Finished Spring Data repository scanning in 73ms. Found 2 repository interfaces.
18:56:17 INFO  o.s.c.s.PostProcessorRegistrationDelegate$BeanPostProcessorChecker - Bean 'org.springframework.transaction.annotation.ProxyTransactionManagementConfiguration' of type [org.springframework.transaction.annotation.ProxyTransactionManagementConfiguration$$EnhancerBySpringCGLIB$$6f846f84] is not eligible for getting processed by all BeanPostProcessors (for example: not eligible for auto-proxying)
18:56:17 INFO  com.zaxxer.hikari.HikariDataSource - HikariPool-1 - Starting...
18:56:18 INFO  com.zaxxer.hikari.HikariDataSource - HikariPool-1 - Start completed.
18:56:18 INFO  o.h.jpa.internal.util.LogHelper - HHH000204: Processing PersistenceUnitInfo [
	name: default
	...]
18:56:18 INFO  org.hibernate.Version - HHH000412: Hibernate Core {5.3.7.Final}
18:56:18 INFO  org.hibernate.cfg.Environment - HHH000206: hibernate.properties not found
18:56:18 INFO  o.h.annotations.common.Version - HCANN000001: Hibernate Commons Annotations {5.0.4.Final}
18:56:18 INFO  org.hibernate.dialect.Dialect - HHH000400: Using dialect: org.hibernate.dialect.PostgreSQL95Dialect
18:56:18 INFO  o.h.e.j.e.i.LobCreatorBuilderImpl - HHH000422: Disabling contextual LOB creation as connection was null
18:56:18 INFO  org.hibernate.type.BasicTypeRegistry - HHH000270: Type registration [java.util.UUID] overrides previous : org.hibernate.type.UUIDBinaryType@18e7e82f
18:56:19 INFO  o.s.o.j.LocalContainerEntityManagerFactoryBean - Initialized JPA EntityManagerFactory for persistence unit 'default'
18:56:20 INFO  o.s.s.c.ThreadPoolTaskExecutor - Initializing ExecutorService 'applicationTaskExecutor'
18:56:20 WARN  o.s.b.a.o.j.JpaBaseConfiguration$JpaWebConfiguration$JpaWebMvcConfiguration - spring.jpa.open-in-view is enabled by default. Therefore, database queries may be performed during view rendering. Explicitly configure spring.jpa.open-in-view to disable this warning
18:56:20 INFO  c.e.e.s.SistemaNotasApplicationTest - Started SistemaNotasApplicationTest in 4.481 seconds (JVM running for 5.618)
]]></system-out>
  <system-err><![CDATA[]]></system-err>
</testsuite>
